Mar-24 15:32:37.473 [main] DEBUG nextflow.cli.Launcher - $> nextflow run main.nf
Mar-24 15:32:37.926 [main] DEBUG nextflow.cli.CmdRun - N E X T F L O W  ~  version 24.04.3
Mar-24 15:32:37.996 [main] DEBUG nextflow.plugin.PluginsFacade - Setting up plugin manager > mode=prod; embedded=false; plugins-dir=/home/natanast/.nextflow/plugins; core-plugins: nf-amazon@2.5.2,nf-azure@1.6.0,nf-cloudcache@0.4.1,nf-codecommit@0.2.0,nf-console@1.1.3,nf-ga4gh@1.3.0,nf-google@1.13.2-patch1,nf-tower@1.9.1,nf-wave@1.4.2
Mar-24 15:32:38.041 [main] INFO  o.pf4j.DefaultPluginStatusProvider - Enabled plugins: []
Mar-24 15:32:38.049 [main] INFO  o.pf4j.DefaultPluginStatusProvider - Disabled plugins: []
Mar-24 15:32:38.066 [main] INFO  org.pf4j.DefaultPluginManager - PF4J version 3.10.0 in 'deployment' mode
Mar-24 15:32:38.151 [main] INFO  org.pf4j.AbstractPluginManager - No plugins
Mar-24 15:32:38.452 [main] DEBUG nextflow.cli.CmdRun - Applied DSL=2 from script declaration
Mar-24 15:32:38.513 [main] DEBUG nextflow.cli.CmdRun - Launching `main.nf` [sleepy_marconi] DSL2 - revision: 28d4b31599
Mar-24 15:32:38.519 [main] DEBUG nextflow.plugin.PluginsFacade - Plugins default=[]
Mar-24 15:32:38.521 [main] DEBUG nextflow.plugin.PluginsFacade - Plugins resolved requirement=[]
Mar-24 15:32:38.726 [main] DEBUG nextflow.Session - Session UUID: a01e7e54-478f-4483-9c5f-c868ae47d52a
Mar-24 15:32:38.729 [main] DEBUG nextflow.Session - Run name: sleepy_marconi
Mar-24 15:32:38.732 [main] DEBUG nextflow.Session - Executor pool size: 16
Mar-24 15:32:38.768 [main] DEBUG nextflow.file.FilePorter - File porter settings maxRetries=3; maxTransfers=50; pollTimeout=null
Mar-24 15:32:38.793 [main] DEBUG nextflow.util.ThreadPoolBuilder - Creating thread pool 'FileTransfer' minSize=10; maxSize=48; workQueue=LinkedBlockingQueue[10000]; allowCoreThreadTimeout=false
Mar-24 15:32:38.883 [main] DEBUG nextflow.cli.CmdRun - 
  Version: 24.04.3 build 5916
  Created: 09-07-2024 19:35 UTC (22:35 EEST)
  System: Linux 5.15.167.4-microsoft-standard-WSL2
  Runtime: Groovy 4.0.21 on OpenJDK 64-Bit Server VM 17.0.11-internal+0-adhoc..src
  Encoding: UTF-8 (UTF-8)
  Process: 48665@Natasa [127.0.1.1]
  CPUs: 16 - Mem: 7.4 GB (2.4 GB) - Swap: 2 GB (2 GB)
Mar-24 15:32:38.988 [main] DEBUG nextflow.Session - Work-dir: /mnt/c/Users/natan/Υπολογιστής/hlatyping_genotype/work [v9fs]
Mar-24 15:32:38.993 [main] DEBUG nextflow.Session - Script base path does not exist or is not a directory: /mnt/c/Users/natan/Υπολογιστής/hlatyping_genotype/bin
Mar-24 15:32:39.029 [main] DEBUG nextflow.executor.ExecutorFactory - Extension executors providers=[]
Mar-24 15:32:39.063 [main] DEBUG nextflow.Session - Observer factory: DefaultObserverFactory
Mar-24 15:32:39.169 [main] DEBUG nextflow.cache.CacheFactory - Using Nextflow cache factory: nextflow.cache.DefaultCacheFactory
Mar-24 15:32:39.207 [main] DEBUG nextflow.util.CustomThreadPool - Creating default thread pool > poolSize: 17; maxThreads: 1000
Mar-24 15:32:39.628 [main] DEBUG nextflow.Session - Session start
Mar-24 15:32:41.246 [main] DEBUG nextflow.script.ScriptRunner - > Launching execution
Mar-24 15:32:41.298 [main] DEBUG n.secret.LocalSecretsProvider - Secrets store: /home/natanast/.nextflow/secrets/store.json
Mar-24 15:32:41.329 [main] DEBUG nextflow.secret.SecretsLoader - Discovered secrets providers: [nextflow.secret.LocalSecretsProvider@748ac6f3] - activable => nextflow.secret.LocalSecretsProvider@748ac6f3
Mar-24 15:32:42.838 [main] DEBUG nextflow.executor.ExecutorFactory - << taskConfig executor: null
Mar-24 15:32:42.841 [main] DEBUG nextflow.executor.ExecutorFactory - >> processorType: 'local'
Mar-24 15:32:42.865 [main] DEBUG nextflow.executor.Executor - [warm up] executor > local
Mar-24 15:32:42.884 [main] DEBUG n.processor.LocalPollingMonitor - Creating local task monitor for executor 'local' > cpus=16; memory=7.4 GB; capacity=16; pollInterval=100ms; dumpInterval=5m
Mar-24 15:32:42.895 [main] DEBUG n.processor.TaskPollingMonitor - >>> barrier register (monitor: local)
Mar-24 15:32:43.244 [main] DEBUG nextflow.Session - Workflow process names [dsl2]: ARCASHLA_EXTRACT
Mar-24 15:32:43.246 [main] DEBUG nextflow.Session - Igniting dataflow network (1)
Mar-24 15:32:43.250 [main] DEBUG nextflow.processor.TaskProcessor - Starting process > ARCASHLA_EXTRACT
Mar-24 15:32:43.255 [main] DEBUG nextflow.script.ScriptRunner - Parsed script files:
  Script_170b4d1f32642ee0: /mnt/c/Users/natan/Υπολογιστής/hlatyping_genotype/main.nf
  Script_5c381c8944022622: /mnt/c/Users/natan/Υπολογιστής/hlatyping_genotype/./modules/nf-core/extract/main.nf
Mar-24 15:32:43.256 [main] DEBUG nextflow.script.ScriptRunner - > Awaiting termination 
Mar-24 15:32:43.258 [main] DEBUG nextflow.Session - Session await
Mar-24 15:32:43.618 [Actor Thread 3] DEBUG nextflow.util.HashBuilder - Unable to get file attributes file: /dataset/test.bam -- Cause: java.nio.file.NoSuchFileException: /dataset/test.bam
Mar-24 15:32:43.911 [Task submitter] DEBUG n.executor.local.LocalTaskHandler - Launch cmd line: /bin/bash -ue .command.run
Mar-24 15:32:43.919 [Task submitter] INFO  nextflow.Session - [3f/414ba3] Submitted process > ARCASHLA_EXTRACT (sample1)
Mar-24 15:32:44.914 [Task monitor] DEBUG n.processor.TaskPollingMonitor - Task completed > TaskHandler[id: 1; name: ARCASHLA_EXTRACT (sample1); status: COMPLETED; exit: 1; error: -; workDir: /mnt/c/Users/natan/Υπολογιστής/hlatyping_genotype/work/3f/414ba3afa7518aebaca367340e798d]
Mar-24 15:32:44.919 [Task monitor] DEBUG nextflow.util.ThreadPoolBuilder - Creating thread pool 'TaskFinalizer' minSize=10; maxSize=48; workQueue=LinkedBlockingQueue[10000]; allowCoreThreadTimeout=false
Mar-24 15:32:44.947 [TaskFinalizer-1] DEBUG nextflow.processor.TaskProcessor - Handling unexpected condition for
  task: name=ARCASHLA_EXTRACT (sample1); work-dir=/mnt/c/Users/natan/Υπολογιστής/hlatyping_genotype/work/3f/414ba3afa7518aebaca367340e798d
  error [nextflow.exception.ProcessFailedException]: Process `ARCASHLA_EXTRACT (sample1)` terminated with an error exit status (1)
Mar-24 15:32:45.005 [TaskFinalizer-1] ERROR nextflow.processor.TaskProcessor - Error executing process > 'ARCASHLA_EXTRACT (sample1)'

Caused by:
  Process `ARCASHLA_EXTRACT (sample1)` terminated with an error exit status (1)


Command executed:

  arcasHLA \
      extract \
       \
      -t 1 \
      -o . \
      --temp temp_files/ \
      --log sample1.log \
       \
      test.bam
  
  cat <<-END_VERSIONS > versions.yml
  "ARCASHLA_EXTRACT":
      arcashla: 0.5.0
  END_VERSIONS

Command exit status:
  1

Command output:
  (empty)

Command error:
  [extract] Error: unable to index bam file.

Work dir:
  /mnt/c/Users/natan/Υπολογιστής/hlatyping_genotype/work/3f/414ba3afa7518aebaca367340e798d

Tip: when you have fixed the problem you can continue the execution adding the option `-resume` to the run command line
Mar-24 15:32:45.031 [main] DEBUG nextflow.Session - Session await > all processes finished
Mar-24 15:32:45.044 [TaskFinalizer-1] DEBUG nextflow.Session - Session aborted -- Cause: Process `ARCASHLA_EXTRACT (sample1)` terminated with an error exit status (1)
Mar-24 15:32:45.095 [main] DEBUG nextflow.Session - Session await > all barriers passed
Mar-24 15:32:45.096 [Task monitor] DEBUG n.processor.TaskPollingMonitor - <<< barrier arrives (monitor: local) - terminating tasks monitor poll loop
Mar-24 15:32:45.113 [main] DEBUG n.trace.WorkflowStatsObserver - Workflow completed > WorkflowStats[succeededCount=0; failedCount=1; ignoredCount=0; cachedCount=0; pendingCount=0; submittedCount=0; runningCount=0; retriesCount=0; abortedCount=0; succeedDuration=0ms; failedDuration=868ms; cachedDuration=0ms;loadCpus=0; loadMemory=0; peakRunning=1; peakCpus=1; peakMemory=0; ]
Mar-24 15:32:45.264 [main] DEBUG nextflow.cache.CacheDB - Closing CacheDB done
Mar-24 15:32:45.344 [main] DEBUG nextflow.script.ScriptRunner - > Execution complete -- Goodbye
